;  LST file generated by mikroListExporter - v.2.0 
; Date/Time: 19/05/2023 22:04:41
;----------------------------------------------

;Address Opcode 	ASM
0x0000	0x2816      	GOTO       22
_____DoICP:
;__Lib_System.c,6 :: 		
;__Lib_System.c,9 :: 		
0x0003	0x1283      	BCF        STATUS, 5
0x0004	0x1303      	BCF        STATUS, 6
0x0005	0x0821      	MOVF       ___DoICPAddr+1, 0
0x0006	0x008A      	MOVWF      PCLATH
;__Lib_System.c,10 :: 		
0x0007	0x0820      	MOVF       ___DoICPAddr, 0
0x0008	0x0082      	MOVWF      PCL
;__Lib_System.c,12 :: 		
L_end_____DoICP:
0x0009	0x0008      	RETURN
; end of _____DoICP
___CC2DW:
;__Lib_System.c,134 :: 		
;__Lib_System.c,137 :: 		
_CC2D_Loop1:
;__Lib_System.c,139 :: 		
0x000A	0x2003      	CALL       _____DoICP
0x000B	0x118A      	BCF        PCLATH, 3
0x000C	0x120A      	BCF        PCLATH, 4
;__Lib_System.c,141 :: 		
0x000D	0x0080      	MOVWF      INDF
;__Lib_System.c,142 :: 		
0x000E	0x0A84      	INCF       FSR, 1
;__Lib_System.c,143 :: 		
0x000F	0x0AA0      	INCF       ___DoICPAddr, 1
;__Lib_System.c,145 :: 		
0x0010	0x1903      	BTFSC      STATUS, 2
;__Lib_System.c,146 :: 		
0x0011	0x0AA1      	INCF       ___DoICPAddr+1, 1
;__Lib_System.c,147 :: 		
0x0012	0x03F0      	DECF       R0, 1
;__Lib_System.c,149 :: 		
0x0013	0x1D03      	BTFSS      STATUS, 2
;__Lib_System.c,150 :: 		
0x0014	0x280A      	GOTO       _CC2D_Loop1
;__Lib_System.c,152 :: 		
L_end___CC2DW:
0x0015	0x0008      	RETURN
; end of ___CC2DW
_main:
;servoMotores.c,1 :: 		void main() {
;servoMotores.c,2 :: 		ANSEL=0;
0x0016	0x1683      	BSF        STATUS, 5
0x0017	0x1703      	BSF        STATUS, 6
0x0018	0x0188      	CLRF       ANSEL
;servoMotores.c,3 :: 		ANSELH=0;
0x0019	0x0189      	CLRF       ANSELH
;servoMotores.c,4 :: 		TRISC=0x00;
0x001A	0x1303      	BCF        STATUS, 6
0x001B	0x0187      	CLRF       TRISC
;servoMotores.c,5 :: 		PortC=0x00;
0x001C	0x1283      	BCF        STATUS, 5
0x001D	0x0187      	CLRF       PORTC
;servoMotores.c,6 :: 		TRISA=0xFF;
0x001E	0x30FF      	MOVLW      255
0x001F	0x1683      	BSF        STATUS, 5
0x0020	0x0085      	MOVWF      TRISA
;servoMotores.c,7 :: 		TRISD=0;
0x0021	0x0188      	CLRF       TRISD
;servoMotores.c,8 :: 		PORTD=0;
0x0022	0x1283      	BCF        STATUS, 5
0x0023	0x0188      	CLRF       PORTD
;servoMotores.c,10 :: 		while(1){
L_main0:
;servoMotores.c,12 :: 		switch(PORTA){
0x0024	0x2839      	GOTO       L_main2
;servoMotores.c,13 :: 		case(0b00000001):
L_main4:
;servoMotores.c,14 :: 		PORTD=0b00000001;
0x0025	0x3001      	MOVLW      1
0x0026	0x0088      	MOVWF      PORTD
;servoMotores.c,15 :: 		PortC=0b00000111;
0x0027	0x3007      	MOVLW      7
0x0028	0x0087      	MOVWF      PORTC
;servoMotores.c,16 :: 		break;
0x0029	0x2849      	GOTO       L_main3
;servoMotores.c,18 :: 		case(0b00000010):
L_main5:
;servoMotores.c,19 :: 		PORTD=0b00000010;
0x002A	0x3002      	MOVLW      2
0x002B	0x0088      	MOVWF      PORTD
;servoMotores.c,20 :: 		PortC=0b00000101;
0x002C	0x3005      	MOVLW      5
0x002D	0x0087      	MOVWF      PORTC
;servoMotores.c,21 :: 		break;
0x002E	0x2849      	GOTO       L_main3
;servoMotores.c,23 :: 		case(0b00000100):
L_main6:
;servoMotores.c,24 :: 		PORTD=0b00000100;
0x002F	0x3004      	MOVLW      4
0x0030	0x0088      	MOVWF      PORTD
;servoMotores.c,25 :: 		PortC=0b00001101;
0x0031	0x300D      	MOVLW      13
0x0032	0x0087      	MOVWF      PORTC
;servoMotores.c,26 :: 		break;
0x0033	0x2849      	GOTO       L_main3
;servoMotores.c,28 :: 		case(0b00001000):
L_main7:
;servoMotores.c,29 :: 		PORTD=0b00001000;
0x0034	0x3008      	MOVLW      8
0x0035	0x0088      	MOVWF      PORTD
;servoMotores.c,30 :: 		PortC=0b00001001;
0x0036	0x3009      	MOVLW      9
0x0037	0x0087      	MOVWF      PORTC
;servoMotores.c,31 :: 		break;
0x0038	0x2849      	GOTO       L_main3
;servoMotores.c,34 :: 		}
L_main2:
0x0039	0x0805      	MOVF       PORTA, 0
0x003A	0x3A01      	XORLW      1
0x003B	0x1903      	BTFSC      STATUS, 2
0x003C	0x2825      	GOTO       L_main4
0x003D	0x0805      	MOVF       PORTA, 0
0x003E	0x3A02      	XORLW      2
0x003F	0x1903      	BTFSC      STATUS, 2
0x0040	0x282A      	GOTO       L_main5
0x0041	0x0805      	MOVF       PORTA, 0
0x0042	0x3A04      	XORLW      4
0x0043	0x1903      	BTFSC      STATUS, 2
0x0044	0x282F      	GOTO       L_main6
0x0045	0x0805      	MOVF       PORTA, 0
0x0046	0x3A08      	XORLW      8
0x0047	0x1903      	BTFSC      STATUS, 2
0x0048	0x2834      	GOTO       L_main7
L_main3:
;servoMotores.c,50 :: 		}
0x0049	0x2824      	GOTO       L_main0
;servoMotores.c,51 :: 		}
L_end_main:
0x004A	0x284A      	GOTO       $+0
; end of _main
Symbol List:
//** Routines locations **
//ADDRESS    SIZE    PROCEDURE
//----------------------------------------------
0x0003       [7]    _____DoICP
0x000A      [12]    ___CC2DW
0x0016      [53]    _main
//** Variables locations ** 
//ADDRESS    SIZE    VARIABLE
//----------------------------------------------
0x0000       [1]    INDF
0x0002       [1]    PCL
0x0003       [1]    STATUS
0x0004       [1]    FSR
0x0005       [1]    PORTA
0x0007       [1]    PORTC
0x0008       [1]    PORTD
0x000A       [1]    PCLATH
0x0020       [2]    ___DoICPAddr
0x0070       [1]    R0
0x0071       [1]    R1
0x0072       [1]    R2
0x0073       [1]    R3
0x0074       [1]    R4
0x0075       [1]    R5
0x0076       [1]    R6
0x0077       [1]    R7
0x0078       [1]    R8
0x0079       [1]    R9
0x007A       [1]    R10
0x007B       [1]    R11
0x007C       [1]    R12
0x007D       [1]    R13
0x007E       [1]    R14
0x007F       [1]    R15
0x0085       [1]    TRISA
0x0087       [1]    TRISC
0x0088       [1]    TRISD
0x0188       [1]    ANSEL
0x0189       [1]    ANSELH
//** Label List: ** 
//----------------------------------------------
  L_main0
  L_main1
  L_main2
  L_main3
  L_main4
  L_main5
  L_main6
  L_main7
  L_end_main
  _main
  L_loopCA2AWs
  L_CA2AWend
  _CCA2AW_Loop1
  L_loopCS2Ss
  L_CS2Send
  _CCS2S_Loop1
  L_CCS2Send
  L_loopFZinSWs
  L_FZinSend
  _CC2D_Loop1
  L_end_____DoICP
  _____DoICP
  L_end_____DoIFC
  _____DoIFC
  L_end___CA2AW
  ___CA2AW
  L_end___CCA2AW
  ___CCA2AW
  L_end___CS2S
  ___CS2S
  L_end___CCS2S
  ___CCS2S
  L_end___FZinS
  ___FZinS
  L_end___CC2DW
  ___CC2DW
  L_end_Swap
  _Swap
